Using pre-set license
Built from '2020.3/staging' branch; Version is '2020.3.11f1 (99c7afb366b3) revision 10078127'; Using compiler version '192528614'; Build Type 'Release'
OS: 'Windows 10 Home Single Language; OS build 22631.3958; Version 2009; 64bit' Language: 'en' Physical Memory: 15791 MB
BatchMode: 1, IsHumanControllingUs: 0, StartBugReporterOnCrash: 0, Is64bit: 1, IsPro: 0

 COMMAND LINE ARGUMENTS:
C:\Program Files\Unity\2020.3.11f1\Editor\Unity.exe
-adb2
-batchMode
-noUpm
-name
AssetImportWorker0
-projectPath
C:/Unity Projects/Crimson Tactics
-logFile
Logs/AssetImportWorker0.log
-srvPort
58842
Successfully changed project path to: C:/Unity Projects/Crimson Tactics
C:/Unity Projects/Crimson Tactics
Using Asset Import Pipeline V2.
Refreshing native plugins compatible for Editor in 32.06 ms, found 2 plugins.
Preloading 0 native plugins for Editor in 0.00 ms.
Initialize engine version: 2020.3.11f1 (99c7afb366b3)
[Subsystems] Discovering subsystems at path C:/Program Files/Unity/2020.3.11f1/Editor/Data/Resources/UnitySubsystems
[Subsystems] Discovering subsystems at path C:/Unity Projects/Crimson Tactics/Assets
GfxDevice: creating device client; threaded=0
Direct3D:
    Version:  Direct3D 11.0 [level 11.1]
    Renderer: NVIDIA GeForce GTX 1650 Ti (ID=0x1f95)
    Vendor:   
    VRAM:     3935 MB
    Driver:   32.0.15.6070
Initialize mono
Mono path[0] = 'C:/Program Files/Unity/2020.3.11f1/Editor/Data/Managed'
Mono path[1] = 'C:/Program Files/Unity/2020.3.11f1/Editor/Data/MonoBleedingEdge/lib/mono/unityjit'
Mono config path = 'C:/Program Files/Unity/2020.3.11f1/Editor/Data/MonoBleedingEdge/etc'
Using monoOptions --debugger-agent=transport=dt_socket,embedding=1,server=y,suspend=n,address=127.0.0.1:56312
Begin MonoManager ReloadAssembly
Registering precompiled unity dll's ...
Register platform support module: C:/Program Files/Unity/2020.3.11f1/Editor/Data/PlaybackEngines/WindowsStandaloneSupport/UnityEditor.WindowsStandalone.Extensions.dll
Registered in 0.001603 seconds.
Native extension for WindowsStandalone target not found
Refreshing native plugins compatible for Editor in 30.20 ms, found 2 plugins.
Preloading 0 native plugins for Editor in 0.00 ms.
Mono: successfully reloaded assembly
- Completed reload, in  2.405 seconds
Platform modules already initialized, skipping
Registering precompiled user dll's ...
Registered in 0.005371 seconds.
Begin MonoManager ReloadAssembly
Native extension for WindowsStandalone target not found
Refreshing native plugins compatible for Editor in 34.85 ms, found 2 plugins.
Preloading 0 native plugins for Editor in 0.00 ms.
Mono: successfully reloaded assembly
- Completed reload, in  1.083 seconds
Platform modules already initialized, skipping
========================================================================
Worker process is ready to serve import requests
Launched and connected shader compiler UnityShaderCompiler.exe after 0.08 seconds
Refreshing native plugins compatible for Editor in 0.32 ms, found 2 plugins.
Preloading 0 native plugins for Editor in 0.00 ms.
Unloading 1519 Unused Serialized files (Serialized files now loaded: 0)
System memory in use before: 91.1 MB.
System memory in use after: 91.2 MB.

Unloading 17 unused Assets to reduce memory usage. Loaded Objects now: 1980.
Total: 1.992400 ms (FindLiveObjects: 0.250800 ms CreateObjectMapping: 0.051100 ms MarkObjects: 1.651000 ms  DeleteObjects: 0.037600 ms)

========================================================================
Received Import Request.
  path: Assets/Scripts/EnemyAI.cs
  artifactKey: Guid(56d6629d37fb7214caa6332686329b5c) Importer(815301076,1909f56bfc062723c751e8b465ee728b)
Start importing Assets/Scripts/EnemyAI.cs using Guid(56d6629d37fb7214caa6332686329b5c) Importer(815301076,1909f56bfc062723c751e8b465ee728b)  -> (artifact id: '53f64b30cd81bbd6e0af9e3fca967dc5') in 0.036639 seconds
  Import took 0.039407 seconds .

========================================================================
Received Import Request.
  Time since last request: 237.446034 seconds.
  path: Assets/Scripts/EnemyAI.cs
  artifactKey: Guid(56d6629d37fb7214caa6332686329b5c) Importer(815301076,1909f56bfc062723c751e8b465ee728b)
Start importing Assets/Scripts/EnemyAI.cs using Guid(56d6629d37fb7214caa6332686329b5c) Importer(815301076,1909f56bfc062723c751e8b465ee728b)  -> (artifact id: 'a36c9655ac51e06e0a263b83c70f968c') in 0.003067 seconds
  Import took 0.006206 seconds .

========================================================================
Received Import Request.
  Time since last request: 43.343509 seconds.
  path: Assets/Scripts/EnemyAI.cs
  artifactKey: Guid(56d6629d37fb7214caa6332686329b5c) Importer(815301076,1909f56bfc062723c751e8b465ee728b)
Start importing Assets/Scripts/EnemyAI.cs using Guid(56d6629d37fb7214caa6332686329b5c) Importer(815301076,1909f56bfc062723c751e8b465ee728b)  -> (artifact id: '97d2f7e2a219b7da0bcf02b69ea8829d') in 0.002921 seconds
  Import took 0.005930 seconds .

========================================================================
Received Import Request.
  Time since last request: 36.247116 seconds.
  path: Assets/Scripts/EnemyAI.cs
  artifactKey: Guid(56d6629d37fb7214caa6332686329b5c) Importer(815301076,1909f56bfc062723c751e8b465ee728b)
Start importing Assets/Scripts/EnemyAI.cs using Guid(56d6629d37fb7214caa6332686329b5c) Importer(815301076,1909f56bfc062723c751e8b465ee728b)  -> (artifact id: 'cd2d508e6c888a9be00609178a08bc5e') in 0.003071 seconds
  Import took 0.006253 seconds .

========================================================================
Received Prepare
Registering precompiled user dll's ...
Registered in 0.003620 seconds.
Begin MonoManager ReloadAssembly
Native extension for WindowsStandalone target not found
Refreshing native plugins compatible for Editor in 0.34 ms, found 2 plugins.
Preloading 0 native plugins for Editor in 0.00 ms.
Mono: successfully reloaded assembly
- Completed reload, in  0.976 seconds
Platform modules already initialized, skipping
Refreshing native plugins compatible for Editor in 0.33 ms, found 2 plugins.
Preloading 0 native plugins for Editor in 0.00 ms.
Unloading 1500 Unused Serialized files (Serialized files now loaded: 0)
System memory in use before: 89.7 MB.
System memory in use after: 89.8 MB.

Unloading 13 unused Assets to reduce memory usage. Loaded Objects now: 1983.
Total: 2.462300 ms (FindLiveObjects: 0.184200 ms CreateObjectMapping: 0.039400 ms MarkObjects: 2.211300 ms  DeleteObjects: 0.025700 ms)

========================================================================
Received Import Request.
  Time since last request: 37.457700 seconds.
  path: Assets/Scripts/EnemyAI.cs
  artifactKey: Guid(56d6629d37fb7214caa6332686329b5c) Importer(815301076,1909f56bfc062723c751e8b465ee728b)
Start importing Assets/Scripts/EnemyAI.cs using Guid(56d6629d37fb7214caa6332686329b5c) Importer(815301076,1909f56bfc062723c751e8b465ee728b)  -> (artifact id: 'ea8d6ae85f81a0f0cde728adb4cd0dc6') in 0.004962 seconds
  Import took 0.007560 seconds .

========================================================================
Received Prepare
Registering precompiled user dll's ...
Registered in 0.004754 seconds.
Begin MonoManager ReloadAssembly
Native extension for WindowsStandalone target not found
Refreshing native plugins compatible for Editor in 0.34 ms, found 2 plugins.
Preloading 0 native plugins for Editor in 0.00 ms.
Mono: successfully reloaded assembly
- Completed reload, in  0.963 seconds
Platform modules already initialized, skipping
Refreshing native plugins compatible for Editor in 0.36 ms, found 2 plugins.
Preloading 0 native plugins for Editor in 0.00 ms.
Unloading 1500 Unused Serialized files (Serialized files now loaded: 0)
System memory in use before: 89.7 MB.
System memory in use after: 89.8 MB.

Unloading 13 unused Assets to reduce memory usage. Loaded Objects now: 1986.
Total: 2.124200 ms (FindLiveObjects: 0.229400 ms CreateObjectMapping: 0.072300 ms MarkObjects: 1.792400 ms  DeleteObjects: 0.027900 ms)

AssetImportWorkerClient::OnTransportError - code=2 error=End of file
